This file contains any messages produced by compilers while
running configure, to aid debugging if configure makes a mistake.

It was created by yasm configure 1.3.0, which was
generated by GNU Autoconf 2.69.  Invocation command line was

  $ ./configure --build=x86_64-linux-gnu --prefix=/usr --includedir=${prefix}/include --mandir=${prefix}/share/man --infodir=${prefix}/share/info --sysconfdir=/etc --localstatedir=/var --disable-silent-rules --libdir=${prefix}/lib/x86_64-linux-gnu --libexecdir=${prefix}/lib/x86_64-linux-gnu --disable-maintainer-mode --disable-dependency-tracking

## --------- ##
## Platform. ##
## --------- ##

hostname = server
uname -m = x86_64
uname -r = 4.18.0-2-amd64
uname -s = Linux
uname -v = #1 SMP Debian 4.18.10-2 (2018-11-02)

/usr/bin/uname -p = unknown
/bin/uname -X     = unknown

/bin/arch              = unknown
/usr/bin/arch -k       = unknown
/usr/convex/getsysinfo = unknown
/usr/bin/hostinfo      = unknown
/bin/machine           = unknown
/usr/bin/oslevel       = unknown
/bin/universe          = unknown

PATH: /usr/local/bin
PATH: /opt/intel/compilers_and_libraries/linux/pkg_bin/intel64
PATH: /usr/sbin
PATH: /usr/bin
PATH: /sbin
PATH: /bin
PATH: /usr/bin/X11


## ----------- ##
## Core tests. ##
## ----------- ##

configure:2548: checking for a BSD-compatible install
configure:2616: result: /usr/bin/install -c
configure:2627: checking whether build environment is sane
configure:2682: result: yes
configure:2833: checking for a thread-safe mkdir -p
configure:2872: result: /bin/mkdir -p
configure:2879: checking for gawk
configure:2895: found /usr/bin/gawk
configure:2906: result: gawk
configure:2917: checking whether make sets $(MAKE)
configure:2939: result: yes
configure:2968: checking whether make supports nested variables
configure:2985: result: yes
configure:3112: checking whether to enable maintainer-specific portions of Makefiles
configure:3121: result: no
configure:3209: checking whether make supports the include directive
configure:3224: make -f confmf.GNU && cat confinc.out
make[1]: Entering directory '/tmp/p7zip/yasm/yasm-1.3.0'
make[1]: Leaving directory '/tmp/p7zip/yasm/yasm-1.3.0'
this is the am__doit target
configure:3227: $? = 0
configure:3246: result: yes (GNU style)
configure:3316: checking for gcc
configure:3343: result: icc.pl
configure:3572: checking for C compiler version
configure:3581: icc.pl --version >&5
icc (ICC) 19.0.3.199 20190206
Copyright (C) 1985-2019 Intel Corporation.  All rights reserved.

configure:3592: $? = 0
configure:3581: icc.pl -v >&5
__INTEL_PRE_CFLAGS options:  
-diag-enableall
-diag-disable=10013,10385,10237,10346,10148
-diag-error-limit=1
-diag-onceall
-Wremarks
-w3
-Wbrief
-O3 -fabi-version=11 -falign-functions -falign-loops -fbuiltin -fdata-sections -ffunction-sections -ffat-lto-objects -fpermissive -fp-model:fast=2 -gcc-name=gcc-7 -gnu-prefix=x86_64-linux-gnu- -gxx-name=g++-7 -inline-level=2 -inline-min-caller-growth=0 -ipo -par-schedule-auto -parallel -qoverride-limits -qopt-matmul -qopt-mem-layout-trans -qopt-multi-version-aggressive -qopt-prefetch -static-intel -no-inline-max-per-routine -no-inline-max-per-compile -inline-max-size=9999 -inline-max-total-size=9999 -Wl,--as-needed
__INTEL_POST_CFLAGS options:  
... rest of stderr output deleted ...
configure:3592: $? = 1
configure:3581: icc.pl -V >&5
GNU ld (GNU Binutils for Debian) 2.31.1
Intel(R) C Intel(R) 64 Compiler for applications running on Intel(R) 64, Version 19.0.3.199 Build 20190206
Copyright (C) 1985-2019 Intel Corporation.  All rights reserved.

x86_64-linux-gnu-ld: /lib/x86_64-linux-gnu/libz.so.1: no version information available (required by /usr/lib/x86_64-linux-gnu/libbfd-2.31.1-system.so)
x86_64-linux-gnu-ld: /usr/lib/gcc/x86_64-linux-gnu/7/../../../x86_64-linux-gnu/Scrt1.o: in function `_start':
(.text+0x20): undefined reference to `main'
configure:3592: $? = 1
configure:3581: icc.pl -qversion >&5
x86_64-linux-gnu-ld: /lib/x86_64-linux-gnu/libz.so.1: no version information available (required by /usr/lib/x86_64-linux-gnu/libbfd-2.31.1-system.so)
x86_64-linux-gnu-ld: /usr/lib/gcc/x86_64-linux-gnu/7/../../../x86_64-linux-gnu/Scrt1.o: in function `_start':
(.text+0x20): undefined reference to `main'
configure:3592: $? = 1
configure:3612: checking whether the C compiler works
configure:3634: icc.pl -g -O2 -fdebug-prefix-map=/tmp/p7zip/yasm/yasm-1.3.0=. -Wformat -march=native -pipe -Wformat-security -Wdate-time -D_FORTIFY_SOURCE=2  conftest.c  >&5
ipo: remark #11001: performing single-file optimizations
ipo: remark #11006: generating object file /tmp/intel/ipo_iccnfVwz1.o
x86_64-linux-gnu-ld: /lib/x86_64-linux-gnu/libz.so.1: no version information available (required by /usr/lib/x86_64-linux-gnu/libbfd-2.31.1-system.so)
configure:3638: $? = 0
configure:3686: result: yes
configure:3689: checking for C compiler default output file name
configure:3691: result: a.out
configure:3697: checking for suffix of executables
configure:3704: icc.pl -o conftest -g -O2 -fdebug-prefix-map=/tmp/p7zip/yasm/yasm-1.3.0=. -Wformat -march=native -pipe -Wformat-security -Wdate-time -D_FORTIFY_SOURCE=2  conftest.c  >&5
ipo: remark #11001: performing single-file optimizations
ipo: remark #11006: generating object file /tmp/intel/ipo_iccHZRMwG.o
x86_64-linux-gnu-ld: /lib/x86_64-linux-gnu/libz.so.1: no version information available (required by /usr/lib/x86_64-linux-gnu/libbfd-2.31.1-system.so)
configure:3708: $? = 0
configure:3730: result: 
configure:3752: checking whether we are cross compiling
configure:3760: icc.pl -o conftest -g -O2 -fdebug-prefix-map=/tmp/p7zip/yasm/yasm-1.3.0=. -Wformat -march=native -pipe -Wformat-security -Wdate-time -D_FORTIFY_SOURCE=2  conftest.c  >&5
conftest.c(19) (col. 3): remark #111: statement is unreachable
ipo: remark #11001: performing single-file optimizations
ipo: remark #11006: generating object file /tmp/intel/ipo_icc2t2rFm.o
x86_64-linux-gnu-ld: /lib/x86_64-linux-gnu/libz.so.1: no version information available (required by /usr/lib/x86_64-linux-gnu/libbfd-2.31.1-system.so)
configure:3764: $? = 0
configure:3771: ./conftest
configure:3775: $? = 0
configure:3790: result: no
configure:3795: checking for suffix of object files
configure:3817: icc.pl -c -g -O2 -fdebug-prefix-map=/tmp/p7zip/yasm/yasm-1.3.0=. -Wformat -march=native -pipe -Wformat-security -Wdate-time -D_FORTIFY_SOURCE=2 conftest.c >&5
configure:3821: $? = 0
configure:3842: result: o
configure:3846: checking whether we are using the GNU C compiler
configure:3865: icc.pl -c -g -O2 -fdebug-prefix-map=/tmp/p7zip/yasm/yasm-1.3.0=. -Wformat -march=native -pipe -Wformat-security -Wdate-time -D_FORTIFY_SOURCE=2 conftest.c >&5
configure:3865: $? = 0
configure:3874: result: yes
configure:3883: checking whether icc.pl accepts -g
configure:3903: icc.pl -c -g -Wdate-time -D_FORTIFY_SOURCE=2 conftest.c >&5
configure:3903: $? = 0
configure:3944: result: yes
configure:3961: checking for icc.pl option to accept ISO C89
configure:4024: icc.pl  -c -g -O2 -fdebug-prefix-map=/tmp/p7zip/yasm/yasm-1.3.0=. -Wformat -march=native -pipe -Wformat-security -Wdate-time -D_FORTIFY_SOURCE=2 conftest.c >&5
conftest.c(47) (col. 5): remark #1419: external declaration in primary source file
conftest.c(50) (col. 5): remark #1419: external declaration in primary source file
conftest.c(58) (col. 3): remark #111: statement is unreachable
configure:4024: $? = 0
configure:4037: result: none needed
configure:4062: checking whether icc.pl understands -c and -o together
configure:4084: icc.pl -c conftest.c -o conftest2.o
configure:4087: $? = 0
configure:4084: icc.pl -c conftest.c -o conftest2.o
configure:4087: $? = 0
configure:4099: result: yes
configure:4118: checking dependency style of icc.pl
configure:4229: result: none
configure:4249: checking how to run the C preprocessor
configure:4319: result: icc.pl -E
configure:4339: icc.pl -E -Wdate-time -D_FORTIFY_SOURCE=2 conftest.c
configure:4339: $? = 0
configure:4353: icc.pl -E -Wdate-time -D_FORTIFY_SOURCE=2 conftest.c
conftest.c(11) (col. 28): error #2379: cannot open source file "ac_nonexistent.h"
configure:4353: $? = 4
configure: failed program was:
| /* confdefs.h */
| #define PACKAGE_NAME "yasm"
| #define PACKAGE_TARNAME "yasm"
| #define PACKAGE_VERSION "1.3.0"
| #define PACKAGE_STRING "yasm 1.3.0"
| #define PACKAGE_BUGREPORT "bug-yasm@tortall.net"
| #define PACKAGE_URL ""
| #define PACKAGE "yasm"
| #define VERSION "1.3.0"
| /* end confdefs.h.  */
| #include <ac_nonexistent.h>
configure:4385: checking for icc.pl option to accept ISO C99
configure:4534: icc.pl  -c -g -O2 -fdebug-prefix-map=/tmp/p7zip/yasm/yasm-1.3.0=. -Wformat -march=native -pipe -Wformat-security -Wdate-time -D_FORTIFY_SOURCE=2 conftest.c >&5
conftest.c(95) (col. 12): remark #2259: non-pointer conversion from "double" to "float" may lose significant bits
conftest.c(80) (col. 15): remark #593: variable "str" was set but never used
conftest.c(81) (col. 7): remark #593: variable "number" was set but never used
conftest.c(82) (col. 9): remark #593: variable "fnumber" was set but never used
conftest.c(145) (col. 3): remark #111: statement is unreachable
configure:4534: $? = 0
configure:4547: result: none needed
configure:4655: checking for icc.pl option to accept ISO Standard C
configure:4666: result: none needed
configure:4674: checking whether ln -s works
configure:4678: result: yes
configure:4829: checking for ranlib
configure:4845: found /usr/bin/ranlib
configure:4856: result: ranlib
configure:4889: checking for xmlto
configure:4905: found /usr/bin/xmlto
configure:4916: result: xmlto
configure:4948: checking if malloc debugging is wanted
configure:4966: result: no
configure:4977: checking for grep that handles long lines and -e
configure:5035: result: /bin/grep
configure:5040: checking for egrep
configure:5102: result: /bin/grep -E
configure:5107: checking for ANSI C header files
configure:5127: icc.pl -c -g -O2 -fdebug-prefix-map=/tmp/p7zip/yasm/yasm-1.3.0=. -Wformat -march=native -pipe -Wformat-security -Wdate-time -D_FORTIFY_SOURCE=2 conftest.c >&5
configure:5127: $? = 0
configure:5200: icc.pl -o conftest -g -O2 -fdebug-prefix-map=/tmp/p7zip/yasm/yasm-1.3.0=. -Wformat -march=native -pipe -Wformat-security -Wdate-time -D_FORTIFY_SOURCE=2  conftest.c  >&5
ipo: remark #11001: performing single-file optimizations
ipo: remark #11006: generating object file /tmp/intel/ipo_icc6CvS2w.o
x86_64-linux-gnu-ld: /lib/x86_64-linux-gnu/libz.so.1: no version information available (required by /usr/lib/x86_64-linux-gnu/libbfd-2.31.1-system.so)
configure:5200: $? = 0
configure:5200: ./conftest
configure:5200: $? = 0
configure:5211: result: yes
configure:5224: checking for sys/types.h
configure:5224: icc.pl -c -g -O2 -fdebug-prefix-map=/tmp/p7zip/yasm/yasm-1.3.0=. -Wformat -march=native -pipe -Wformat-security -Wdate-time -D_FORTIFY_SOURCE=2 conftest.c >&5
configure:5224: $? = 0
configure:5224: result: yes
configure:5224: checking for sys/stat.h
configure:5224: icc.pl -c -g -O2 -fdebug-prefix-map=/tmp/p7zip/yasm/yasm-1.3.0=. -Wformat -march=native -pipe -Wformat-security -Wdate-time -D_FORTIFY_SOURCE=2 conftest.c >&5
configure:5224: $? = 0
configure:5224: result: yes
configure:5224: checking for stdlib.h
configure:5224: icc.pl -c -g -O2 -fdebug-prefix-map=/tmp/p7zip/yasm/yasm-1.3.0=. -Wformat -march=native -pipe -Wformat-security -Wdate-time -D_FORTIFY_SOURCE=2 conftest.c >&5
configure:5224: $? = 0
configure:5224: result: yes
configure:5224: checking for string.h
configure:5224: icc.pl -c -g -O2 -fdebug-prefix-map=/tmp/p7zip/yasm/yasm-1.3.0=. -Wformat -march=native -pipe -Wformat-security -Wdate-time -D_FORTIFY_SOURCE=2 conftest.c >&5
configure:5224: $? = 0
configure:5224: result: yes
configure:5224: checking for memory.h
configure:5224: icc.pl -c -g -O2 -fdebug-prefix-map=/tmp/p7zip/yasm/yasm-1.3.0=. -Wformat -march=native -pipe -Wformat-security -Wdate-time -D_FORTIFY_SOURCE=2 conftest.c >&5
configure:5224: $? = 0
configure:5224: result: yes
configure:5224: checking for strings.h
configure:5224: icc.pl -c -g -O2 -fdebug-prefix-map=/tmp/p7zip/yasm/yasm-1.3.0=. -Wformat -march=native -pipe -Wformat-security -Wdate-time -D_FORTIFY_SOURCE=2 conftest.c >&5
configure:5224: $? = 0
configure:5224: result: yes
configure:5224: checking for inttypes.h
configure:5224: icc.pl -c -g -O2 -fdebug-prefix-map=/tmp/p7zip/yasm/yasm-1.3.0=. -Wformat -march=native -pipe -Wformat-security -Wdate-time -D_FORTIFY_SOURCE=2 conftest.c >&5
configure:5224: $? = 0
configure:5224: result: yes
configure:5224: checking for stdint.h
configure:5224: icc.pl -c -g -O2 -fdebug-prefix-map=/tmp/p7zip/yasm/yasm-1.3.0=. -Wformat -march=native -pipe -Wformat-security -Wdate-time -D_FORTIFY_SOURCE=2 conftest.c >&5
configure:5224: $? = 0
configure:5224: result: yes
configure:5224: checking for unistd.h
configure:5224: icc.pl -c -g -O2 -fdebug-prefix-map=/tmp/p7zip/yasm/yasm-1.3.0=. -Wformat -march=native -pipe -Wformat-security -Wdate-time -D_FORTIFY_SOURCE=2 conftest.c >&5
configure:5224: $? = 0
configure:5224: result: yes
configure:5239: checking for strings.h
configure:5239: result: yes
configure:5239: checking libgen.h usability
configure:5239: icc.pl -c -g -O2 -fdebug-prefix-map=/tmp/p7zip/yasm/yasm-1.3.0=. -Wformat -march=native -pipe -Wformat-security -Wdate-time -D_FORTIFY_SOURCE=2 conftest.c >&5
configure:5239: $? = 0
configure:5239: result: yes
configure:5239: checking libgen.h presence
configure:5239: icc.pl -E -Wdate-time -D_FORTIFY_SOURCE=2 conftest.c
configure:5239: $? = 0
configure:5239: result: yes
configure:5239: checking for libgen.h
configure:5239: result: yes
configure:5239: checking for unistd.h
configure:5239: result: yes
configure:5239: checking direct.h usability
configure:5239: icc.pl -c -g -O2 -fdebug-prefix-map=/tmp/p7zip/yasm/yasm-1.3.0=. -Wformat -march=native -pipe -Wformat-security -Wdate-time -D_FORTIFY_SOURCE=2 conftest.c >&5
conftest.c(57) (col. 20): catastrophic error: cannot open source file "direct.h"
configure:5239: $? = 4
configure: failed program was:
| /* confdefs.h */
| #define PACKAGE_NAME "yasm"
| #define PACKAGE_TARNAME "yasm"
| #define PACKAGE_VERSION "1.3.0"
| #define PACKAGE_STRING "yasm 1.3.0"
| #define PACKAGE_BUGREPORT "bug-yasm@tortall.net"
| #define PACKAGE_URL ""
| #define PACKAGE "yasm"
| #define VERSION "1.3.0"
| #define STDC_HEADERS 1
| #define HAVE_SYS_TYPES_H 1
| #define HAVE_SYS_STAT_H 1
| #define HAVE_STDLIB_H 1
| #define HAVE_STRING_H 1
| #define HAVE_MEMORY_H 1
| #define HAVE_STRINGS_H 1
| #define HAVE_INTTYPES_H 1
| #define HAVE_STDINT_H 1
| #define HAVE_UNISTD_H 1
| #define HAVE_STRINGS_H 1
| #define HAVE_LIBGEN_H 1
| #define HAVE_UNISTD_H 1
| /* end confdefs.h.  */
| #include <stdio.h>
| #ifdef HAVE_SYS_TYPES_H
| # include <sys/types.h>
| #endif
| #ifdef HAVE_SYS_STAT_H
| # include <sys/stat.h>
| #endif
| #ifdef STDC_HEADERS
| # include <stdlib.h>
| # include <stddef.h>
| #else
| # ifdef HAVE_STDLIB_H
| #  include <stdlib.h>
| # endif
| #endif
| #ifdef HAVE_STRING_H
| # if !defined STDC_HEADERS && defined HAVE_MEMORY_H
| #  include <memory.h>
| # endif
| # include <string.h>
| #endif
| #ifdef HAVE_STRINGS_H
| # include <strings.h>
| #endif
| #ifdef HAVE_INTTYPES_H
| # include <inttypes.h>
| #endif
| #ifdef HAVE_STDINT_H
| # include <stdint.h>
| #endif
| #ifdef HAVE_UNISTD_H
| # include <unistd.h>
| #endif
| #include <direct.h>
configure:5239: result: no
configure:5239: checking direct.h presence
configure:5239: icc.pl -E -Wdate-time -D_FORTIFY_SOURCE=2 conftest.c
conftest.c(24) (col. 20): error #2379: cannot open source file "direct.h"
configure:5239: $? = 4
configure: failed program was:
| /* confdefs.h */
| #define PACKAGE_NAME "yasm"
| #define PACKAGE_TARNAME "yasm"
| #define PACKAGE_VERSION "1.3.0"
| #define PACKAGE_STRING "yasm 1.3.0"
| #define PACKAGE_BUGREPORT "bug-yasm@tortall.net"
| #define PACKAGE_URL ""
| #define PACKAGE "yasm"
| #define VERSION "1.3.0"
| #define STDC_HEADERS 1
| #define HAVE_SYS_TYPES_H 1
| #define HAVE_SYS_STAT_H 1
| #define HAVE_STDLIB_H 1
| #define HAVE_STRING_H 1
| #define HAVE_MEMORY_H 1
| #define HAVE_STRINGS_H 1
| #define HAVE_INTTYPES_H 1
| #define HAVE_STDINT_H 1
| #define HAVE_UNISTD_H 1
| #define HAVE_STRINGS_H 1
| #define HAVE_LIBGEN_H 1
| #define HAVE_UNISTD_H 1
| /* end confdefs.h.  */
| #include <direct.h>
configure:5239: result: no
configure:5239: checking for direct.h
configure:5239: result: no
configure:5239: checking for sys/stat.h
configure:5239: result: yes
configure:5258: checking for an ANSI C-conforming const
configure:5324: icc.pl -c -g -O2 -fdebug-prefix-map=/tmp/p7zip/yasm/yasm-1.3.0=. -Wformat -march=native -pipe -Wformat-security -Wdate-time -D_FORTIFY_SOURCE=2 conftest.c >&5
conftest.c(81) (col. 3): remark #111: statement is unreachable
configure:5324: $? = 0
configure:5331: result: yes
configure:5339: checking for inline
configure:5355: icc.pl -c -g -O2 -fdebug-prefix-map=/tmp/p7zip/yasm/yasm-1.3.0=. -Wformat -march=native -pipe -Wformat-security -Wdate-time -D_FORTIFY_SOURCE=2 conftest.c >&5
conftest.c(27) (col. 21): remark #177: function "static_foo" was declared but never referenced
configure:5355: $? = 0
configure:5363: result: inline
configure:5381: checking for function prototypes
configure:5384: result: yes
configure:5397: checking for size_t
configure:5397: icc.pl -c -g -O2 -fdebug-prefix-map=/tmp/p7zip/yasm/yasm-1.3.0=. -Wformat -march=native -pipe -Wformat-security -Wdate-time -D_FORTIFY_SOURCE=2 conftest.c >&5
conftest.c(66) (col. 3): remark #111: statement is unreachable
configure:5397: $? = 0
configure:5397: icc.pl -c -g -O2 -fdebug-prefix-map=/tmp/p7zip/yasm/yasm-1.3.0=. -Wformat -march=native -pipe -Wformat-security -Wdate-time -D_FORTIFY_SOURCE=2 conftest.c >&5
conftest.c(63) (col. 21): error: expected an expression
configure:5397: $? = 4
configure: failed program was:
| /* confdefs.h */
| #define PACKAGE_NAME "yasm"
| #define PACKAGE_TARNAME "yasm"
| #define PACKAGE_VERSION "1.3.0"
| #define PACKAGE_STRING "yasm 1.3.0"
| #define PACKAGE_BUGREPORT "bug-yasm@tortall.net"
| #define PACKAGE_URL ""
| #define PACKAGE "yasm"
| #define VERSION "1.3.0"
| #define STDC_HEADERS 1
| #define HAVE_SYS_TYPES_H 1
| #define HAVE_SYS_STAT_H 1
| #define HAVE_STDLIB_H 1
| #define HAVE_STRING_H 1
| #define HAVE_MEMORY_H 1
| #define HAVE_STRINGS_H 1
| #define HAVE_INTTYPES_H 1
| #define HAVE_STDINT_H 1
| #define HAVE_UNISTD_H 1
| #define HAVE_STRINGS_H 1
| #define HAVE_LIBGEN_H 1
| #define HAVE_UNISTD_H 1
| #define HAVE_SYS_STAT_H 1
| #define PROTOTYPES 1
| #define __PROTOTYPES 1
| /* end confdefs.h.  */
| #include <stdio.h>
| #ifdef HAVE_SYS_TYPES_H
| # include <sys/types.h>
| #endif
| #ifdef HAVE_SYS_STAT_H
| # include <sys/stat.h>
| #endif
| #ifdef STDC_HEADERS
| # include <stdlib.h>
| # include <stddef.h>
| #else
| # ifdef HAVE_STDLIB_H
| #  include <stdlib.h>
| # endif
| #endif
| #ifdef HAVE_STRING_H
| # if !defined STDC_HEADERS && defined HAVE_MEMORY_H
| #  include <memory.h>
| # endif
| # include <string.h>
| #endif
| #ifdef HAVE_STRINGS_H
| # include <strings.h>
| #endif
| #ifdef HAVE_INTTYPES_H
| # include <inttypes.h>
| #endif
| #ifdef HAVE_STDINT_H
| # include <stdint.h>
| #endif
| #ifdef HAVE_UNISTD_H
| # include <unistd.h>
| #endif
| int
| main ()
| {
| if (sizeof ((size_t)))
| 	    return 0;
|   ;
|   return 0;
| }
configure:5397: result: yes
configure:5409: checking for stdint types
configure:5432: icc.pl -c   conftest.c >&5
conftest.c(31) (col. 15): remark #177: variable "v" was declared but never referenced
configure:5432: $? = 0
configure:5457: result: stdint.h (shortcircuit)
configure:5837: result: make use of stdint.h in libyasm-stdint.h (assuming C99 compatible system)
configure:5851: checking for abort
configure:5851: icc.pl -o conftest -g -O2 -fdebug-prefix-map=/tmp/p7zip/yasm/yasm-1.3.0=. -Wformat -march=native -pipe -Wformat-security -Wdate-time -D_FORTIFY_SOURCE=2  conftest.c  >&5
conftest.c(50) (col. 6): remark #1419: external declaration in primary source file
conftest.c(63) (col. 3): remark #111: statement is unreachable
ipo: remark #11001: performing single-file optimizations
ipo: remark #11006: generating object file /tmp/intel/ipo_iccfiBzV8.o
x86_64-linux-gnu-ld: /lib/x86_64-linux-gnu/libz.so.1: no version information available (required by /usr/lib/x86_64-linux-gnu/libbfd-2.31.1-system.so)
configure:5851: $? = 0
configure:5851: result: yes
configure:5851: checking for toascii
configure:5851: icc.pl -o conftest -g -O2 -fdebug-prefix-map=/tmp/p7zip/yasm/yasm-1.3.0=. -Wformat -march=native -pipe -Wformat-security -Wdate-time -D_FORTIFY_SOURCE=2  conftest.c  >&5
conftest.c(51) (col. 6): remark #1419: external declaration in primary source file
conftest.c(64) (col. 3): remark #111: statement is unreachable
ipo: remark #11001: performing single-file optimizations
ipo: remark #11006: generating object file /tmp/intel/ipo_iccty4e1W.o
x86_64-linux-gnu-ld: /lib/x86_64-linux-gnu/libz.so.1: no version information available (required by /usr/lib/x86_64-linux-gnu/libbfd-2.31.1-system.so)
configure:5851: $? = 0
configure:5851: result: yes
configure:5851: checking for vsnprintf
configure:5851: icc.pl -o conftest -g -O2 -fdebug-prefix-map=/tmp/p7zip/yasm/yasm-1.3.0=. -Wformat -march=native -pipe -Wformat-security -Wdate-time -D_FORTIFY_SOURCE=2  conftest.c  >&5
conftest.c(52) (col. 6): remark #1419: external declaration in primary source file
conftest.c(65) (col. 3): remark #111: statement is unreachable
ipo: remark #11001: performing single-file optimizations
ipo: remark #11006: generating object file /tmp/intel/ipo_iccs9cLMu.o
x86_64-linux-gnu-ld: /lib/x86_64-linux-gnu/libz.so.1: no version information available (required by /usr/lib/x86_64-linux-gnu/libbfd-2.31.1-system.so)
configure:5851: $? = 0
configure:5851: result: yes
configure:5863: checking for strsep
configure:5863: icc.pl -o conftest -g -O2 -fdebug-prefix-map=/tmp/p7zip/yasm/yasm-1.3.0=. -Wformat -march=native -pipe -Wformat-security -Wdate-time -D_FORTIFY_SOURCE=2  conftest.c  >&5
conftest.c(53) (col. 6): remark #1419: external declaration in primary source file
conftest.c(66) (col. 3): remark #111: statement is unreachable
ipo: remark #11001: performing single-file optimizations
ipo: remark #11006: generating object file /tmp/intel/ipo_icccgJPme.o
x86_64-linux-gnu-ld: /lib/x86_64-linux-gnu/libz.so.1: no version information available (required by /usr/lib/x86_64-linux-gnu/libbfd-2.31.1-system.so)
configure:5863: $? = 0
configure:5863: result: yes
configure:5863: checking for mergesort
configure:5863: icc.pl -o conftest -g -O2 -fdebug-prefix-map=/tmp/p7zip/yasm/yasm-1.3.0=. -Wformat -march=native -pipe -Wformat-security -Wdate-time -D_FORTIFY_SOURCE=2  conftest.c  >&5
conftest.c(54) (col. 6): remark #1419: external declaration in primary source file
conftest.c(67) (col. 3): remark #111: statement is unreachable
ipo: warning #11021: unresolved mergesort
        Referenced in /tmp/intel/ipo_iccibVxRX.o
ipo: remark #11001: performing single-file optimizations
ipo: remark #11006: generating object file /tmp/intel/ipo_iccibVxRX.o
x86_64-linux-gnu-ld: /lib/x86_64-linux-gnu/libz.so.1: no version information available (required by /usr/lib/x86_64-linux-gnu/libbfd-2.31.1-system.so)
x86_64-linux-gnu-ld: /tmp/intel/ipo_iccibVxRX.o: in function `main':
/tmp/p7zip/yasm/yasm-1.3.0/conftest.c:65: undefined reference to `mergesort'
configure:5863: $? = 1
configure: failed program was:
| /* confdefs.h */
| #define PACKAGE_NAME "yasm"
| #define PACKAGE_TARNAME "yasm"
| #define PACKAGE_VERSION "1.3.0"
| #define PACKAGE_STRING "yasm 1.3.0"
| #define PACKAGE_BUGREPORT "bug-yasm@tortall.net"
| #define PACKAGE_URL ""
| #define PACKAGE "yasm"
| #define VERSION "1.3.0"
| #define STDC_HEADERS 1
| #define HAVE_SYS_TYPES_H 1
| #define HAVE_SYS_STAT_H 1
| #define HAVE_STDLIB_H 1
| #define HAVE_STRING_H 1
| #define HAVE_MEMORY_H 1
| #define HAVE_STRINGS_H 1
| #define HAVE_INTTYPES_H 1
| #define HAVE_STDINT_H 1
| #define HAVE_UNISTD_H 1
| #define HAVE_STRINGS_H 1
| #define HAVE_LIBGEN_H 1
| #define HAVE_UNISTD_H 1
| #define HAVE_SYS_STAT_H 1
| #define PROTOTYPES 1
| #define __PROTOTYPES 1
| #define HAVE_ABORT 1
| #define HAVE_TOASCII 1
| #define HAVE_VSNPRINTF 1
| #define HAVE_STRSEP 1
| /* end confdefs.h.  */
| /* Define mergesort to an innocuous variant, in case <limits.h> declares mergesort.
|    For example, HP-UX 11i <limits.h> declares gettimeofday.  */
| #define mergesort innocuous_mergesort
| 
| /* System header to define __stub macros and hopefully few prototypes,
|     which can conflict with char mergesort (); below.
|     Prefer <limits.h> to <assert.h> if __STDC__ is defined, since
|     <limits.h> exists even on freestanding compilers.  */
| 
| #ifdef __STDC__
| # include <limits.h>
| #else
| # include <assert.h>
| #endif
| 
| #undef mergesort
| 
| /* Override any GCC internal prototype to avoid an error.
|    Use char because int might match the return type of a GCC
|    builtin and then its argument prototype would still apply.  */
| #ifdef __cplusplus
| extern "C"
| #endif
| char mergesort ();
| /* The GNU C library defines this for functions which it implements
|     to always fail with ENOSYS.  Some functions are actually named
|     something starting with __ and the normal name is an alias.  */
| #if defined __stub_mergesort || defined __stub___mergesort
| choke me
| #endif
| 
| int
| main ()
| {
| return mergesort ();
|   ;
|   return 0;
| }
configure:5863: result: no
configure:5863: checking for getcwd
configure:5863: icc.pl -o conftest -g -O2 -fdebug-prefix-map=/tmp/p7zip/yasm/yasm-1.3.0=. -Wformat -march=native -pipe -Wformat-security -Wdate-time -D_FORTIFY_SOURCE=2  conftest.c  >&5
conftest.c(54) (col. 6): remark #1419: external declaration in primary source file
conftest.c(67) (col. 3): remark #111: statement is unreachable
ipo: remark #11001: performing single-file optimizations
ipo: remark #11006: generating object file /tmp/intel/ipo_icc1mHwWw.o
x86_64-linux-gnu-ld: /lib/x86_64-linux-gnu/libz.so.1: no version information available (required by /usr/lib/x86_64-linux-gnu/libbfd-2.31.1-system.so)
configure:5863: $? = 0
configure:5863: result: yes
configure:5875: checking for popen
configure:5875: icc.pl -o conftest -g -O2 -fdebug-prefix-map=/tmp/p7zip/yasm/yasm-1.3.0=. -Wformat -march=native -pipe -Wformat-security -Wdate-time -D_FORTIFY_SOURCE=2  conftest.c  >&5
conftest.c(55) (col. 6): remark #1419: external declaration in primary source file
conftest.c(68) (col. 3): remark #111: statement is unreachable
ipo: remark #11001: performing single-file optimizations
ipo: remark #11006: generating object file /tmp/intel/ipo_icc1Pj8tg.o
x86_64-linux-gnu-ld: /lib/x86_64-linux-gnu/libz.so.1: no version information available (required by /usr/lib/x86_64-linux-gnu/libbfd-2.31.1-system.so)
configure:5875: $? = 0
configure:5875: result: yes
configure:5875: checking for ftruncate
configure:5875: icc.pl -o conftest -g -O2 -fdebug-prefix-map=/tmp/p7zip/yasm/yasm-1.3.0=. -Wformat -march=native -pipe -Wformat-security -Wdate-time -D_FORTIFY_SOURCE=2  conftest.c  >&5
conftest.c(56) (col. 6): remark #1419: external declaration in primary source file
conftest.c(69) (col. 3): remark #111: statement is unreachable
ipo: remark #11001: performing single-file optimizations
ipo: remark #11006: generating object file /tmp/intel/ipo_iccNWGW3Z.o
x86_64-linux-gnu-ld: /lib/x86_64-linux-gnu/libz.so.1: no version information available (required by /usr/lib/x86_64-linux-gnu/libbfd-2.31.1-system.so)
configure:5875: $? = 0
configure:5875: result: yes
configure:5888: checking for strcasecmp
configure:5888: icc.pl -o conftest -g -O2 -fdebug-prefix-map=/tmp/p7zip/yasm/yasm-1.3.0=. -Wformat -march=native -pipe -Wformat-security -Wdate-time -D_FORTIFY_SOURCE=2  conftest.c  >&5
conftest.c(57) (col. 6): remark #1419: external declaration in primary source file
conftest.c(70) (col. 3): remark #111: statement is unreachable
ipo: remark #11001: performing single-file optimizations
ipo: remark #11006: generating object file /tmp/intel/ipo_iccq2UMBC.o
x86_64-linux-gnu-ld: /lib/x86_64-linux-gnu/libz.so.1: no version information available (required by /usr/lib/x86_64-linux-gnu/libbfd-2.31.1-system.so)
configure:5888: $? = 0
configure:5888: result: yes
configure:5888: checking for strncasecmp
configure:5888: icc.pl -o conftest -g -O2 -fdebug-prefix-map=/tmp/p7zip/yasm/yasm-1.3.0=. -Wformat -march=native -pipe -Wformat-security -Wdate-time -D_FORTIFY_SOURCE=2  conftest.c  >&5
conftest.c(58) (col. 6): remark #1419: external declaration in primary source file
conftest.c(71) (col. 3): remark #111: statement is unreachable
ipo: remark #11001: performing single-file optimizations
ipo: remark #11006: generating object file /tmp/intel/ipo_icccYEc2l.o
x86_64-linux-gnu-ld: /lib/x86_64-linux-gnu/libz.so.1: no version information available (required by /usr/lib/x86_64-linux-gnu/libbfd-2.31.1-system.so)
configure:5888: $? = 0
configure:5888: result: yes
configure:5888: checking for stricmp
configure:5888: icc.pl -o conftest -g -O2 -fdebug-prefix-map=/tmp/p7zip/yasm/yasm-1.3.0=. -Wformat -march=native -pipe -Wformat-security -Wdate-time -D_FORTIFY_SOURCE=2  conftest.c  >&5
conftest.c(59) (col. 6): remark #1419: external declaration in primary source file
conftest.c(72) (col. 3): remark #111: statement is unreachable
ipo: warning #11021: unresolved stricmp
        Referenced in /tmp/intel/ipo_icch8jtUT.o
ipo: remark #11001: performing single-file optimizations
ipo: remark #11006: generating object file /tmp/intel/ipo_icch8jtUT.o
x86_64-linux-gnu-ld: /lib/x86_64-linux-gnu/libz.so.1: no version information available (required by /usr/lib/x86_64-linux-gnu/libbfd-2.31.1-system.so)
x86_64-linux-gnu-ld: /tmp/intel/ipo_icch8jtUT.o: in function `main':
/tmp/p7zip/yasm/yasm-1.3.0/conftest.c:70: undefined reference to `stricmp'
configure:5888: $? = 1
configure: failed program was:
| /* confdefs.h */
| #define PACKAGE_NAME "yasm"
| #define PACKAGE_TARNAME "yasm"
| #define PACKAGE_VERSION "1.3.0"
| #define PACKAGE_STRING "yasm 1.3.0"
| #define PACKAGE_BUGREPORT "bug-yasm@tortall.net"
| #define PACKAGE_URL ""
| #define PACKAGE "yasm"
| #define VERSION "1.3.0"
| #define STDC_HEADERS 1
| #define HAVE_SYS_TYPES_H 1
| #define HAVE_SYS_STAT_H 1
| #define HAVE_STDLIB_H 1
| #define HAVE_STRING_H 1
| #define HAVE_MEMORY_H 1
| #define HAVE_STRINGS_H 1
| #define HAVE_INTTYPES_H 1
| #define HAVE_STDINT_H 1
| #define HAVE_UNISTD_H 1
| #define HAVE_STRINGS_H 1
| #define HAVE_LIBGEN_H 1
| #define HAVE_UNISTD_H 1
| #define HAVE_SYS_STAT_H 1
| #define PROTOTYPES 1
| #define __PROTOTYPES 1
| #define HAVE_ABORT 1
| #define HAVE_TOASCII 1
| #define HAVE_VSNPRINTF 1
| #define HAVE_STRSEP 1
| #define HAVE_GETCWD 1
| #define HAVE_POPEN 1
| #define HAVE_FTRUNCATE 1
| #define HAVE_STRCASECMP 1
| #define HAVE_STRNCASECMP 1
| /* end confdefs.h.  */
| /* Define stricmp to an innocuous variant, in case <limits.h> declares stricmp.
|    For example, HP-UX 11i <limits.h> declares gettimeofday.  */
| #define stricmp innocuous_stricmp
| 
| /* System header to define __stub macros and hopefully few prototypes,
|     which can conflict with char stricmp (); below.
|     Prefer <limits.h> to <assert.h> if __STDC__ is defined, since
|     <limits.h> exists even on freestanding compilers.  */
| 
| #ifdef __STDC__
| # include <limits.h>
| #else
| # include <assert.h>
| #endif
| 
| #undef stricmp
| 
| /* Override any GCC internal prototype to avoid an error.
|    Use char because int might match the return type of a GCC
|    builtin and then its argument prototype would still apply.  */
| #ifdef __cplusplus
| extern "C"
| #endif
| char stricmp ();
| /* The GNU C library defines this for functions which it implements
|     to always fail with ENOSYS.  Some functions are actually named
|     something starting with __ and the normal name is an alias.  */
| #if defined __stub_stricmp || defined __stub___stricmp
| choke me
| #endif
| 
| int
| main ()
| {
| return stricmp ();
|   ;
|   return 0;
| }
configure:5888: result: no
configure:5888: checking for _stricmp
configure:5888: icc.pl -o conftest -g -O2 -fdebug-prefix-map=/tmp/p7zip/yasm/yasm-1.3.0=. -Wformat -march=native -pipe -Wformat-security -Wdate-time -D_FORTIFY_SOURCE=2  conftest.c  >&5
conftest.c(59) (col. 6): remark #1419: external declaration in primary source file
conftest.c(72) (col. 3): remark #111: statement is unreachable
ipo: warning #11021: unresolved _stricmp
        Referenced in /tmp/intel/ipo_icc7HggmC.o
ipo: remark #11001: performing single-file optimizations
ipo: remark #11006: generating object file /tmp/intel/ipo_icc7HggmC.o
x86_64-linux-gnu-ld: /lib/x86_64-linux-gnu/libz.so.1: no version information available (required by /usr/lib/x86_64-linux-gnu/libbfd-2.31.1-system.so)
x86_64-linux-gnu-ld: /tmp/intel/ipo_icc7HggmC.o: in function `main':
/tmp/p7zip/yasm/yasm-1.3.0/conftest.c:70: undefined reference to `_stricmp'
configure:5888: $? = 1
configure: failed program was:
| /* confdefs.h */
| #define PACKAGE_NAME "yasm"
| #define PACKAGE_TARNAME "yasm"
| #define PACKAGE_VERSION "1.3.0"
| #define PACKAGE_STRING "yasm 1.3.0"
| #define PACKAGE_BUGREPORT "bug-yasm@tortall.net"
| #define PACKAGE_URL ""
| #define PACKAGE "yasm"
| #define VERSION "1.3.0"
| #define STDC_HEADERS 1
| #define HAVE_SYS_TYPES_H 1
| #define HAVE_SYS_STAT_H 1
| #define HAVE_STDLIB_H 1
| #define HAVE_STRING_H 1
| #define HAVE_MEMORY_H 1
| #define HAVE_STRINGS_H 1
| #define HAVE_INTTYPES_H 1
| #define HAVE_STDINT_H 1
| #define HAVE_UNISTD_H 1
| #define HAVE_STRINGS_H 1
| #define HAVE_LIBGEN_H 1
| #define HAVE_UNISTD_H 1
| #define HAVE_SYS_STAT_H 1
| #define PROTOTYPES 1
| #define __PROTOTYPES 1
| #define HAVE_ABORT 1
| #define HAVE_TOASCII 1
| #define HAVE_VSNPRINTF 1
| #define HAVE_STRSEP 1
| #define HAVE_GETCWD 1
| #define HAVE_POPEN 1
| #define HAVE_FTRUNCATE 1
| #define HAVE_STRCASECMP 1
| #define HAVE_STRNCASECMP 1
| /* end confdefs.h.  */
| /* Define _stricmp to an innocuous variant, in case <limits.h> declares _stricmp.
|    For example, HP-UX 11i <limits.h> declares gettimeofday.  */
| #define _stricmp innocuous__stricmp
| 
| /* System header to define __stub macros and hopefully few prototypes,
|     which can conflict with char _stricmp (); below.
|     Prefer <limits.h> to <assert.h> if __STDC__ is defined, since
|     <limits.h> exists even on freestanding compilers.  */
| 
| #ifdef __STDC__
| # include <limits.h>
| #else
| # include <assert.h>
| #endif
| 
| #undef _stricmp
| 
| /* Override any GCC internal prototype to avoid an error.
|    Use char because int might match the return type of a GCC
|    builtin and then its argument prototype would still apply.  */
| #ifdef __cplusplus
| extern "C"
| #endif
| char _stricmp ();
| /* The GNU C library defines this for functions which it implements
|     to always fail with ENOSYS.  Some functions are actually named
|     something starting with __ and the normal name is an alias.  */
| #if defined __stub__stricmp || defined __stub____stricmp
| choke me
| #endif
| 
| int
| main ()
| {
| return _stricmp ();
|   ;
|   return 0;
| }
configure:5888: result: no
configure:5888: checking for strcmpi
configure:5888: icc.pl -o conftest -g -O2 -fdebug-prefix-map=/tmp/p7zip/yasm/yasm-1.3.0=. -Wformat -march=native -pipe -Wformat-security -Wdate-time -D_FORTIFY_SOURCE=2  conftest.c  >&5
conftest.c(59) (col. 6): remark #1419: external declaration in primary source file
conftest.c(72) (col. 3): remark #111: statement is unreachable
ipo: warning #11021: unresolved strcmpi
        Referenced in /tmp/intel/ipo_iccNe03Zl.o
ipo: remark #11001: performing single-file optimizations
ipo: remark #11006: generating object file /tmp/intel/ipo_iccNe03Zl.o
x86_64-linux-gnu-ld: /lib/x86_64-linux-gnu/libz.so.1: no version information available (required by /usr/lib/x86_64-linux-gnu/libbfd-2.31.1-system.so)
x86_64-linux-gnu-ld: /tmp/intel/ipo_iccNe03Zl.o: in function `main':
/tmp/p7zip/yasm/yasm-1.3.0/conftest.c:70: undefined reference to `strcmpi'
configure:5888: $? = 1
configure: failed program was:
| /* confdefs.h */
| #define PACKAGE_NAME "yasm"
| #define PACKAGE_TARNAME "yasm"
| #define PACKAGE_VERSION "1.3.0"
| #define PACKAGE_STRING "yasm 1.3.0"
| #define PACKAGE_BUGREPORT "bug-yasm@tortall.net"
| #define PACKAGE_URL ""
| #define PACKAGE "yasm"
| #define VERSION "1.3.0"
| #define STDC_HEADERS 1
| #define HAVE_SYS_TYPES_H 1
| #define HAVE_SYS_STAT_H 1
| #define HAVE_STDLIB_H 1
| #define HAVE_STRING_H 1
| #define HAVE_MEMORY_H 1
| #define HAVE_STRINGS_H 1
| #define HAVE_INTTYPES_H 1
| #define HAVE_STDINT_H 1
| #define HAVE_UNISTD_H 1
| #define HAVE_STRINGS_H 1
| #define HAVE_LIBGEN_H 1
| #define HAVE_UNISTD_H 1
| #define HAVE_SYS_STAT_H 1
| #define PROTOTYPES 1
| #define __PROTOTYPES 1
| #define HAVE_ABORT 1
| #define HAVE_TOASCII 1
| #define HAVE_VSNPRINTF 1
| #define HAVE_STRSEP 1
| #define HAVE_GETCWD 1
| #define HAVE_POPEN 1
| #define HAVE_FTRUNCATE 1
| #define HAVE_STRCASECMP 1
| #define HAVE_STRNCASECMP 1
| /* end confdefs.h.  */
| /* Define strcmpi to an innocuous variant, in case <limits.h> declares strcmpi.
|    For example, HP-UX 11i <limits.h> declares gettimeofday.  */
| #define strcmpi innocuous_strcmpi
| 
| /* System header to define __stub macros and hopefully few prototypes,
|     which can conflict with char strcmpi (); below.
|     Prefer <limits.h> to <assert.h> if __STDC__ is defined, since
|     <limits.h> exists even on freestanding compilers.  */
| 
| #ifdef __STDC__
| # include <limits.h>
| #else
| # include <assert.h>
| #endif
| 
| #undef strcmpi
| 
| /* Override any GCC internal prototype to avoid an error.
|    Use char because int might match the return type of a GCC
|    builtin and then its argument prototype would still apply.  */
| #ifdef __cplusplus
| extern "C"
| #endif
| char strcmpi ();
| /* The GNU C library defines this for functions which it implements
|     to always fail with ENOSYS.  Some functions are actually named
|     something starting with __ and the normal name is an alias.  */
| #if defined __stub_strcmpi || defined __stub___strcmpi
| choke me
| #endif
| 
| int
| main ()
| {
| return strcmpi ();
|   ;
|   return 0;
| }
configure:5888: result: no
configure:5902: checking for a sed that does not truncate output
configure:5966: result: /bin/sed
configure:5972: checking whether NLS is requested
configure:5981: result: yes
configure:6021: checking for msgfmt
configure: trying /usr/bin/msgfmt...
/usr/bin/msgfmt: /lib/x86_64-linux-gnu/libz.so.1: no version information available (required by /usr/lib/x86_64-linux-gnu/libxml2.so.2)
/usr/bin/msgfmt: /lib/x86_64-linux-gnu/libz.so.1: no version information available (required by /usr/lib/x86_64-linux-gnu/libxml2.so.2)
0 translated messages.
configure:6053: result: /usr/bin/msgfmt
configure:6062: checking for gmsgfmt
configure:6093: result: /usr/bin/msgfmt
configure:6143: checking for xgettext
configure: trying /usr/bin/xgettext...
/usr/bin/xgettext: /lib/x86_64-linux-gnu/libz.so.1: no version information available (required by /usr/lib/x86_64-linux-gnu/libxml2.so.2)
/usr/bin/xgettext: /lib/x86_64-linux-gnu/libz.so.1: no version information available (required by /usr/lib/x86_64-linux-gnu/libxml2.so.2)
/usr/bin/xgettext: warning: file '/dev/null' extension '' is unknown; will try C
configure:6175: result: /usr/bin/xgettext
configure:6220: checking for msgmerge
configure: trying /usr/bin/msgmerge...
/usr/bin/msgmerge: /lib/x86_64-linux-gnu/libz.so.1: no version information available (required by /usr/lib/x86_64-linux-gnu/libxml2.so.2)
/usr/bin/msgmerge: /lib/x86_64-linux-gnu/libz.so.1: no version information available (required by /usr/lib/x86_64-linux-gnu/libxml2.so.2)
configure:6251: result: /usr/bin/msgmerge
configure:6288: checking build system type
configure:6302: result: x86_64-pc-linux-gnu
configure:6322: checking host system type
configure:6335: result: x86_64-pc-linux-gnu
configure:6380: checking for ld used by icc.pl
configure:6447: result: /usr/bin/ld
configure:6454: checking if the linker (/usr/bin/ld) is GNU ld
configure:6469: result: yes
configure:6476: checking for shared library run path origin
configure:6489: result: done
configure:7061: checking for CFPreferencesCopyAppValue
configure:7079: icc.pl -o conftest -g -O2 -fdebug-prefix-map=/tmp/p7zip/yasm/yasm-1.3.0=. -Wformat -march=native -pipe -Wformat-security -Wdate-time -D_FORTIFY_SOURCE=2  conftest.c  -Wl,-framework -Wl,CoreFoundation >&5
conftest.c(36) (col. 42): catastrophic error: cannot open source file "CoreFoundation/CFPreferences.h"
configure:7079: $? = 4
configure: failed program was:
| /* confdefs.h */
| #define PACKAGE_NAME "yasm"
| #define PACKAGE_TARNAME "yasm"
| #define PACKAGE_VERSION "1.3.0"
| #define PACKAGE_STRING "yasm 1.3.0"
| #define PACKAGE_BUGREPORT "bug-yasm@tortall.net"
| #define PACKAGE_URL ""
| #define PACKAGE "yasm"
| #define VERSION "1.3.0"
| #define STDC_HEADERS 1
| #define HAVE_SYS_TYPES_H 1
| #define HAVE_SYS_STAT_H 1
| #define HAVE_STDLIB_H 1
| #define HAVE_STRING_H 1
| #define HAVE_MEMORY_H 1
| #define HAVE_STRINGS_H 1
| #define HAVE_INTTYPES_H 1
| #define HAVE_STDINT_H 1
| #define HAVE_UNISTD_H 1
| #define HAVE_STRINGS_H 1
| #define HAVE_LIBGEN_H 1
| #define HAVE_UNISTD_H 1
| #define HAVE_SYS_STAT_H 1
| #define PROTOTYPES 1
| #define __PROTOTYPES 1
| #define HAVE_ABORT 1
| #define HAVE_TOASCII 1
| #define HAVE_VSNPRINTF 1
| #define HAVE_STRSEP 1
| #define HAVE_GETCWD 1
| #define HAVE_POPEN 1
| #define HAVE_FTRUNCATE 1
| #define HAVE_STRCASECMP 1
| #define HAVE_STRNCASECMP 1
| /* end confdefs.h.  */
| #include <CoreFoundation/CFPreferences.h>
| int
| main ()
| {
| CFPreferencesCopyAppValue(NULL, NULL)
|   ;
|   return 0;
| }
configure:7088: result: no
configure:7095: checking for CFLocaleCopyCurrent
configure:7113: icc.pl -o conftest -g -O2 -fdebug-prefix-map=/tmp/p7zip/yasm/yasm-1.3.0=. -Wformat -march=native -pipe -Wformat-security -Wdate-time -D_FORTIFY_SOURCE=2  conftest.c  -Wl,-framework -Wl,CoreFoundation >&5
conftest.c(36) (col. 37): catastrophic error: cannot open source file "CoreFoundation/CFLocale.h"
configure:7113: $? = 4
configure: failed program was:
| /* confdefs.h */
| #define PACKAGE_NAME "yasm"
| #define PACKAGE_TARNAME "yasm"
| #define PACKAGE_VERSION "1.3.0"
| #define PACKAGE_STRING "yasm 1.3.0"
| #define PACKAGE_BUGREPORT "bug-yasm@tortall.net"
| #define PACKAGE_URL ""
| #define PACKAGE "yasm"
| #define VERSION "1.3.0"
| #define STDC_HEADERS 1
| #define HAVE_SYS_TYPES_H 1
| #define HAVE_SYS_STAT_H 1
| #define HAVE_STDLIB_H 1
| #define HAVE_STRING_H 1
| #define HAVE_MEMORY_H 1
| #define HAVE_STRINGS_H 1
| #define HAVE_INTTYPES_H 1
| #define HAVE_STDINT_H 1
| #define HAVE_UNISTD_H 1
| #define HAVE_STRINGS_H 1
| #define HAVE_LIBGEN_H 1
| #define HAVE_UNISTD_H 1
| #define HAVE_SYS_STAT_H 1
| #define PROTOTYPES 1
| #define __PROTOTYPES 1
| #define HAVE_ABORT 1
| #define HAVE_TOASCII 1
| #define HAVE_VSNPRINTF 1
| #define HAVE_STRSEP 1
| #define HAVE_GETCWD 1
| #define HAVE_POPEN 1
| #define HAVE_FTRUNCATE 1
| #define HAVE_STRCASECMP 1
| #define HAVE_STRNCASECMP 1
| /* end confdefs.h.  */
| #include <CoreFoundation/CFLocale.h>
| int
| main ()
| {
| CFLocaleCopyCurrent();
|   ;
|   return 0;
| }
configure:7122: result: no
configure:7171: checking for GNU gettext in libc
configure:7195: icc.pl -o conftest -g -O2 -fdebug-prefix-map=/tmp/p7zip/yasm/yasm-1.3.0=. -Wformat -march=native -pipe -Wformat-security -Wdate-time -D_FORTIFY_SOURCE=2  conftest.c  >&5
conftest.c(47) (col. 10): remark #1704: zero-length format string
conftest.c(50) (col. 3): remark #111: statement is unreachable
ipo: remark #11001: performing single-file optimizations
ipo: remark #11006: generating object file /tmp/intel/ipo_iccIcffdk.o
x86_64-linux-gnu-ld: /lib/x86_64-linux-gnu/libz.so.1: no version information available (required by /usr/lib/x86_64-linux-gnu/libbfd-2.31.1-system.so)
configure:7195: $? = 0
configure:7204: result: yes
configure:8032: checking whether to use NLS
configure:8034: result: yes
configure:8037: checking where the gettext function comes from
configure:8048: result: libc
configure:8114: checking for GNU C Library
configure:8136: result: yes
configure:8250: Checking for Python
configure:8288: checking for a Python interpreter with version >= 2.4
configure:8305: python -c import sys # split strings by '.' and convert to numeric. Append some zeros # because we need at least 4 digits for the hex conversion. # map returns an iterator in Python 3.0 and a list in 2.x minver = list(map(int, '2.4'.split('.'))) + [0, 0, 0] minverhex = 0 # xrange is not present in Python 3.0 and range returns an iterator for i in list(range(0, 4)): minverhex = (minverhex << 8) + minver[i] sys.exit(sys.hexversion < minverhex)
configure:8308: $? = 0
configure:8314: result: python
configure:8322: checking for python
configure:8340: found /usr/bin/python
configure:8352: result: /usr/bin/python
configure:8371: checking for python version
configure:8378: result: 2.7
configure:8390: checking for python platform
configure:8397: result: linux2
configure:8423: checking for python script directory
configure:8458: result: ${prefix}/lib/python2.7/dist-packages
configure:8467: checking for python extension module directory
configure:8502: result: ${exec_prefix}/lib/python2.7/dist-packages
configure:8746: checking that generated files are newer than configure
configure:8752: result: done
configure:8791: creating ./config.status

## ---------------------- ##
## Running config.status. ##
## ---------------------- ##

This file was extended by yasm config.status 1.3.0, which was
generated by GNU Autoconf 2.69.  Invocation command line was

  CONFIG_FILES    = 
  CONFIG_HEADERS  = 
  CONFIG_LINKS    = 
  CONFIG_COMMANDS = 
  $ ./config.status 

on server

config.status:957: creating Makefile
config.status:957: creating po/Makefile.in
config.status:957: creating config.h
config.status:1186: executing depfiles commands
config.status:1186: executing libyasm-stdint.h commands
config.status:1288: creating libyasm-stdint.h : _YASM_LIBYASM_STDINT_H
config.status:1186: executing po-directories commands

## ---------------- ##
## Cache variables. ##
## ---------------- ##

ac_cv_build=x86_64-pc-linux-gnu
ac_cv_c_compiler_gnu=yes
ac_cv_c_const=yes
ac_cv_c_inline=inline
ac_cv_env_CCLD_FOR_BUILD_set=
ac_cv_env_CCLD_FOR_BUILD_value=
ac_cv_env_CC_FOR_BUILD_set=
ac_cv_env_CC_FOR_BUILD_value=
ac_cv_env_CC_set=set
ac_cv_env_CC_value=icc.pl
ac_cv_env_CFLAGS_set=set
ac_cv_env_CFLAGS_value='-g -O2 -fdebug-prefix-map=/tmp/p7zip/yasm/yasm-1.3.0=. -Wformat -march=native -pipe -Wformat-security'
ac_cv_env_CPPFLAGS_set=set
ac_cv_env_CPPFLAGS_value='-Wdate-time -D_FORTIFY_SOURCE=2'
ac_cv_env_CPP_FOR_HOST_set=
ac_cv_env_CPP_FOR_HOST_value=
ac_cv_env_CPP_set=set
ac_cv_env_CPP_value='icc.pl -E'
ac_cv_env_LDFLAGS_set=set
ac_cv_env_LDFLAGS_value=
ac_cv_env_LIBS_set=
ac_cv_env_LIBS_value=
ac_cv_env_PYTHON_set=
ac_cv_env_PYTHON_value=
ac_cv_env_build_alias_set=set
ac_cv_env_build_alias_value=x86_64-linux-gnu
ac_cv_env_host_alias_set=
ac_cv_env_host_alias_value=
ac_cv_env_target_alias_set=
ac_cv_env_target_alias_value=
ac_cv_func__stricmp=no
ac_cv_func_abort=yes
ac_cv_func_ftruncate=yes
ac_cv_func_getcwd=yes
ac_cv_func_mergesort=no
ac_cv_func_popen=yes
ac_cv_func_strcasecmp=yes
ac_cv_func_strcmpi=no
ac_cv_func_stricmp=no
ac_cv_func_strncasecmp=yes
ac_cv_func_strsep=yes
ac_cv_func_toascii=yes
ac_cv_func_vsnprintf=yes
ac_cv_header_direct_h=no
ac_cv_header_inttypes_h=yes
ac_cv_header_libgen_h=yes
ac_cv_header_memory_h=yes
ac_cv_header_stdc=yes
ac_cv_header_stdint=stdint.h
ac_cv_header_stdint_h=yes
ac_cv_header_stdint_t=stdint.h
ac_cv_header_stdlib_h=yes
ac_cv_header_string_h=yes
ac_cv_header_strings_h=yes
ac_cv_header_sys_stat_h=yes
ac_cv_header_sys_types_h=yes
ac_cv_header_unistd_h=yes
ac_cv_host=x86_64-pc-linux-gnu
ac_cv_objext=o
ac_cv_path_EGREP='/bin/grep -E'
ac_cv_path_GMSGFMT=/usr/bin/msgfmt
ac_cv_path_GREP=/bin/grep
ac_cv_path_MSGFMT=/usr/bin/msgfmt
ac_cv_path_MSGMERGE=/usr/bin/msgmerge
ac_cv_path_PYTHON=/usr/bin/python
ac_cv_path_SED=/bin/sed
ac_cv_path_XGETTEXT=/usr/bin/xgettext
ac_cv_path_install='/usr/bin/install -c'
ac_cv_path_mkdir=/bin/mkdir
ac_cv_prog_AWK=gawk
ac_cv_prog_CPP='icc.pl -E'
ac_cv_prog_XMLTO=xmlto
ac_cv_prog_ac_ct_CC=icc.pl
ac_cv_prog_ac_ct_RANLIB=ranlib
ac_cv_prog_cc_c89=
ac_cv_prog_cc_c99=
ac_cv_prog_cc_g=yes
ac_cv_prog_cc_stdc=
ac_cv_prog_make_make_set=yes
ac_cv_stdint_message='using icc.pl'
ac_cv_stdint_result='(assuming C99 compatible system)'
ac_cv_type_size_t=yes
acl_cv_hardcode_direct=no
acl_cv_hardcode_libdir_flag_spec='${wl}-rpath ${wl}$libdir'
acl_cv_hardcode_libdir_separator=
acl_cv_hardcode_minus_L=no
acl_cv_libext=a
acl_cv_libname_spec='lib$name'
acl_cv_library_names_spec='$libname$shrext'
acl_cv_path_LD=/usr/bin/ld
acl_cv_prog_gnu_ld=yes
acl_cv_rpath=done
acl_cv_shlibext=so
acl_cv_wl=-Wl,
am_cv_CC_dependencies_compiler_type=none
am_cv_make_support_nested_variables=yes
am_cv_pathless_PYTHON=python
am_cv_prog_cc_c_o=yes
am_cv_python_platform=linux2
am_cv_python_pyexecdir='${exec_prefix}/lib/python2.7/dist-packages'
am_cv_python_pythondir='${prefix}/lib/python2.7/dist-packages'
am_cv_python_version=2.7
gt_cv_func_CFLocaleCopyCurrent=no
gt_cv_func_CFPreferencesCopyAppValue=no
gt_cv_func_gnugettext1_libc=yes
yasm_cv_header_gnulib=yes

## ----------------- ##
## Output variables. ##
## ----------------- ##

ACLOCAL='${SHELL} /tmp/p7zip/yasm/yasm-1.3.0/config/missing aclocal-1.16'
AMDEPBACKSLASH=''
AMDEP_FALSE=''
AMDEP_TRUE='#'
AMTAR='$${TAR-tar}'
AM_BACKSLASH='\'
AM_DEFAULT_V='$(AM_DEFAULT_VERBOSITY)'
AM_DEFAULT_VERBOSITY='1'
AM_V='$(V)'
AR='xiar.pl'
ARCH='x86'
AUTOCONF='${SHELL} /tmp/p7zip/yasm/yasm-1.3.0/config/missing autoconf'
AUTOHEADER='${SHELL} /tmp/p7zip/yasm/yasm-1.3.0/config/missing autoheader'
AUTOMAKE='${SHELL} /tmp/p7zip/yasm/yasm-1.3.0/config/missing automake-1.16'
AWK='gawk'
BUILD_MAN_FALSE='#'
BUILD_MAN_TRUE=''
CC='icc.pl'
CCDEPMODE='depmode=none'
CCLD_FOR_BUILD='$(CC)'
CC_FOR_BUILD='$(CC)'
CFLAGS='-g -O2 -fdebug-prefix-map=/tmp/p7zip/yasm/yasm-1.3.0=. -Wformat -march=native -pipe -Wformat-security'
CPP='icc.pl -E'
CPPFLAGS='-Wdate-time -D_FORTIFY_SOURCE=2'
CPP_FOR_HOST=''
CYGPATH_W='echo'
DEFS='-DHAVE_CONFIG_H'
DEPDIR='.deps'
ECHO_C=''
ECHO_N='-n'
ECHO_T=''
EGREP='/bin/grep -E'
EXEEXT=''
GCC='yes'
GETTEXT_MACRO_VERSION='0.18'
GMSGFMT='/usr/bin/msgfmt'
GMSGFMT_015='/usr/bin/msgfmt'
GREP='/bin/grep'
HAVE_PYTHON_BINDINGS_FALSE=''
HAVE_PYTHON_BINDINGS_TRUE='#'
HAVE_PYTHON_FALSE='#'
HAVE_PYTHON_TRUE=''
INSTALL_DATA='${INSTALL} -m 644'
INSTALL_PROGRAM='${INSTALL}'
INSTALL_SCRIPT='${INSTALL}'
INSTALL_STRIP_PROGRAM='$(install_sh) -c -s'
INTLLIBS=''
INTL_MACOSX_LIBS=''
LDFLAGS=''
LIBICONV='-liconv'
LIBINTL=''
LIBOBJS=''
LIBS=''
LN_S='ln -s'
LTLIBICONV='-liconv'
LTLIBINTL=''
LTLIBOBJS=''
MAINT='#'
MAINTAINER_MODE_FALSE=''
MAINTAINER_MODE_TRUE='#'
MAKEINFO='${SHELL} /tmp/p7zip/yasm/yasm-1.3.0/config/missing makeinfo'
MKDIR_P='/bin/mkdir -p'
MORE_CFLAGS=''
MSGFMT='/usr/bin/msgfmt'
MSGFMT_015='/usr/bin/msgfmt'
MSGMERGE='/usr/bin/msgmerge'
OBJEXT='o'
PACKAGE='yasm'
PACKAGE_BUGREPORT='bug-yasm@tortall.net'
PACKAGE_NAME='yasm'
PACKAGE_STRING='yasm 1.3.0'
PACKAGE_TARNAME='yasm'
PACKAGE_URL=''
PACKAGE_VERSION='1.3.0'
PATH_SEPARATOR=':'
POSUB='po'
PYTHON='/usr/bin/python'
PYTHON_EXEC_PREFIX='${exec_prefix}'
PYTHON_INCLUDES=''
PYTHON_PLATFORM='linux2'
PYTHON_PREFIX='${prefix}'
PYTHON_VERSION='2.7'
RANLIB='ranlib'
SED='/bin/sed'
SET_MAKE=''
SHELL='/bin/bash'
STRIP=''
USE_NLS='yes'
VERSION='1.3.0'
XGETTEXT='/usr/bin/xgettext'
XGETTEXT_015='/usr/bin/xgettext'
XGETTEXT_EXTRA_OPTIONS=''
XMLTO='xmlto'
ac_ct_AR=''
ac_ct_CC='icc.pl'
am__EXEEXT_FALSE=''
am__EXEEXT_TRUE='#'
am__fastdepCC_FALSE=''
am__fastdepCC_TRUE='#'
am__include='include'
am__isrc=''
am__leading_dot='.'
am__nodep=''
am__quote=''
am__tar='$${TAR-tar} chof - "$$tardir"'
am__untar='$${TAR-tar} xf -'
bindir='${exec_prefix}/bin'
build='x86_64-pc-linux-gnu'
build_alias='x86_64-linux-gnu'
build_cpu='x86_64'
build_os='linux-gnu'
build_vendor='pc'
datadir='${datarootdir}'
datarootdir='${prefix}/share'
docdir='${datarootdir}/doc/${PACKAGE_TARNAME}'
dvidir='${docdir}'
exec_prefix='${prefix}'
host='x86_64-pc-linux-gnu'
host_alias=''
host_cpu='x86_64'
host_os='linux-gnu'
host_vendor='pc'
htmldir='${docdir}'
includedir='${prefix}/include'
infodir='${prefix}/share/info'
install_sh='${SHELL} /tmp/p7zip/yasm/yasm-1.3.0/config/install-sh'
libdir='${prefix}/lib/x86_64-linux-gnu'
libexecdir='${prefix}/lib/x86_64-linux-gnu'
localedir='${datarootdir}/locale'
localstatedir='/var'
mandir='${prefix}/share/man'
mkdir_p='$(MKDIR_P)'
oldincludedir='/usr/include'
pdfdir='${docdir}'
pkgpyexecdir='${pyexecdir}/yasm'
pkgpythondir='${pythondir}/yasm'
prefix='/usr'
program_transform_name='s,x,x,'
psdir='${docdir}'
pyexecdir='${exec_prefix}/lib/python2.7/dist-packages'
pythondir='${prefix}/lib/python2.7/dist-packages'
runstatedir='${localstatedir}/run'
sbindir='${exec_prefix}/sbin'
sharedstatedir='${prefix}/com'
sysconfdir='/etc'
target_alias=''

## ----------- ##
## confdefs.h. ##
## ----------- ##

/* confdefs.h */
#define PACKAGE_NAME "yasm"
#define PACKAGE_TARNAME "yasm"
#define PACKAGE_VERSION "1.3.0"
#define PACKAGE_STRING "yasm 1.3.0"
#define PACKAGE_BUGREPORT "bug-yasm@tortall.net"
#define PACKAGE_URL ""
#define PACKAGE "yasm"
#define VERSION "1.3.0"
#define STDC_HEADERS 1
#define HAVE_SYS_TYPES_H 1
#define HAVE_SYS_STAT_H 1
#define HAVE_STDLIB_H 1
#define HAVE_STRING_H 1
#define HAVE_MEMORY_H 1
#define HAVE_STRINGS_H 1
#define HAVE_INTTYPES_H 1
#define HAVE_STDINT_H 1
#define HAVE_UNISTD_H 1
#define HAVE_STRINGS_H 1
#define HAVE_LIBGEN_H 1
#define HAVE_UNISTD_H 1
#define HAVE_SYS_STAT_H 1
#define PROTOTYPES 1
#define __PROTOTYPES 1
#define HAVE_ABORT 1
#define HAVE_TOASCII 1
#define HAVE_VSNPRINTF 1
#define HAVE_STRSEP 1
#define HAVE_GETCWD 1
#define HAVE_POPEN 1
#define HAVE_FTRUNCATE 1
#define HAVE_STRCASECMP 1
#define HAVE_STRNCASECMP 1
#define ENABLE_NLS 1
#define HAVE_GETTEXT 1
#define HAVE_DCGETTEXT 1
#define HAVE_GNU_C_LIBRARY 1
#define CPP_PROG "cc -E"

configure: exit 0
